<?xml version="1.0" encoding="UTF-8"?>
<testng-results ignored="0" total="5" passed="5" failed="0" skipped="0">
  <reporter-output>
  </reporter-output>
  <suite started-at="2024-09-01T23:35:57 IST" name="Default suite" finished-at="2024-09-01T23:37:21 IST" duration-ms="83821">
    <groups>
      <group name="cucumber">
        <method signature="AbstractTestNGCucumberTests.runScenario(io.cucumber.testng.PickleWrapper,io.cucumber.testng.FeatureWrapper)[pri:0, instance:Runner.Test1@5ddeb7cb]" name="runScenario" class="io.cucumber.testng.AbstractTestNGCucumberTests"/>
      </group> <!-- cucumber -->
    </groups>
    <test started-at="2024-09-01T23:35:57 IST" name="Default test" finished-at="2024-09-01T23:37:21 IST" duration-ms="83821">
      <class name="Runner.Test1">
        <test-method is-config="true" signature="setUpClass(org.testng.ITestContext)[pri:0, instance:Runner.Test1@5ddeb7cb]" started-at="2024-09-01T23:35:57 IST" name="setUpClass" finished-at="2024-09-01T23:35:58 IST" duration-ms="573" status="PASS">
          <params>
            <param index="0">
              <value>
                <![CDATA[org.testng.TestRunner@27fe9713]]>
              </value>
            </param>
          </params>
          <reporter-output>
          </reporter-output>
        </test-method> <!-- setUpClass -->
        <test-method signature="runScenario(io.cucumber.testng.PickleWrapper,io.cucumber.testng.FeatureWrapper)[pri:0, instance:Runner.Test1@5ddeb7cb]" started-at="2024-09-01T23:35:58 IST" name="runScenario" description="Runs Cucumber Scenarios" data-provider="scenarios" finished-at="2024-09-01T23:36:16 IST" duration-ms="18551" status="PASS">
          <params>
            <param index="0">
              <value>
                <![CDATA["To validate User navigates to Consumer Electronics category"]]>
              </value>
            </param>
            <param index="1">
              <value>
                <![CDATA["Consumer Electronics category"]]>
              </value>
            </param>
          </params>
          <reporter-output>
          </reporter-output>
        </test-method> <!-- runScenario -->
        <test-method signature="runScenario(io.cucumber.testng.PickleWrapper,io.cucumber.testng.FeatureWrapper)[pri:0, instance:Runner.Test1@5ddeb7cb]" started-at="2024-09-01T23:36:16 IST" name="runScenario" description="Runs Cucumber Scenarios" data-provider="scenarios" finished-at="2024-09-01T23:36:33 IST" duration-ms="16500" status="PASS">
          <params>
            <param index="0">
              <value>
                <![CDATA["To verify Home Entertainment functionality"]]>
              </value>
            </param>
            <param index="1">
              <value>
                <![CDATA["Home Entertainment"]]>
              </value>
            </param>
          </params>
          <reporter-output>
          </reporter-output>
        </test-method> <!-- runScenario -->
        <test-method signature="runScenario(io.cucumber.testng.PickleWrapper,io.cucumber.testng.FeatureWrapper)[pri:0, instance:Runner.Test1@5ddeb7cb]" started-at="2024-09-01T23:36:33 IST" name="runScenario" description="Runs Cucumber Scenarios" data-provider="scenarios" finished-at="2024-09-01T23:36:45 IST" duration-ms="12363" status="PASS">
          <params>
            <param index="0">
              <value>
                <![CDATA["To verify portable device functionality"]]>
              </value>
            </param>
            <param index="1">
              <value>
                <![CDATA["Portable device functionality"]]>
              </value>
            </param>
          </params>
          <reporter-output>
          </reporter-output>
        </test-method> <!-- runScenario -->
        <test-method signature="runScenario(io.cucumber.testng.PickleWrapper,io.cucumber.testng.FeatureWrapper)[pri:0, instance:Runner.Test1@5ddeb7cb]" started-at="2024-09-01T23:36:45 IST" name="runScenario" description="Runs Cucumber Scenarios" data-provider="scenarios" finished-at="2024-09-01T23:37:02 IST" duration-ms="17055" status="PASS">
          <params>
            <param index="0">
              <value>
                <![CDATA["To verify portable audio category"]]>
              </value>
            </param>
            <param index="1">
              <value>
                <![CDATA["Portable audio"]]>
              </value>
            </param>
          </params>
          <reporter-output>
          </reporter-output>
        </test-method> <!-- runScenario -->
        <test-method signature="runScenario(io.cucumber.testng.PickleWrapper,io.cucumber.testng.FeatureWrapper)[pri:0, instance:Runner.Test1@5ddeb7cb]" started-at="2024-09-01T23:37:02 IST" name="runScenario" description="Runs Cucumber Scenarios" data-provider="scenarios" finished-at="2024-09-01T23:37:21 IST" duration-ms="18663" status="PASS">
          <params>
            <param index="0">
              <value>
                <![CDATA["To verify Security & Gadgets"]]>
              </value>
            </param>
            <param index="1">
              <value>
                <![CDATA["Security & Gadgets"]]>
              </value>
            </param>
          </params>
          <reporter-output>
          </reporter-output>
        </test-method> <!-- runScenario -->
        <test-method is-config="true" signature="tearDownClass()[pri:0, instance:Runner.Test1@5ddeb7cb]" started-at="2024-09-01T23:37:21 IST" name="tearDownClass" finished-at="2024-09-01T23:37:21 IST" duration-ms="0" status="PASS">
          <reporter-output>
          </reporter-output>
        </test-method> <!-- tearDownClass -->
      </class> <!-- Runner.Test1 -->
    </test> <!-- Default test -->
  </suite> <!-- Default suite -->
</testng-results>
